SF:src/RecurrentLayers.jl
DA:1,11
LH:1
LF:1
end_of_record
SF:src/fastrnn_cell.jl
DA:42,0
DA:47,0
DA:48,0
DA:49,0
DA:50,0
DA:51,0
DA:53,0
DA:56,0
DA:57,0
DA:58,0
DA:61,0
DA:63,0
DA:66,0
DA:67,0
DA:70,0
DA:71,0
DA:73,0
DA:76,0
DA:112,0
DA:114,0
DA:115,0
DA:118,0
DA:119,0
DA:120,0
DA:123,0
DA:124,0
DA:125,0
DA:126,0
DA:127,0
DA:128,0
DA:129,0
DA:130,0
DA:175,0
DA:180,0
DA:181,0
DA:182,0
DA:183,0
DA:184,0
DA:186,0
DA:189,0
DA:190,0
DA:191,0
DA:194,0
DA:196,0
DA:199,0
DA:200,0
DA:201,0
DA:202,0
DA:206,0
DA:207,0
DA:208,0
DA:210,0
DA:213,0
DA:250,0
DA:252,0
DA:253,0
DA:256,0
DA:257,0
DA:258,0
DA:261,0
DA:262,0
DA:263,0
DA:264,0
DA:265,0
DA:266,0
DA:267,0
DA:268,0
LH:0
LF:67
end_of_record
SF:src/indrnn_cell.jl
DA:3,2
DA:39,6
DA:43,2
DA:44,2
DA:45,6
DA:46,2
DA:49,2
DA:50,10
DA:51,2
DA:54,4
DA:55,4
DA:56,4
DA:57,8
DA:58,4
DA:61,0
DA:62,0
DA:63,0
DA:64,0
DA:93,0
DA:94,0
DA:95,0
DA:98,0
DA:99,0
DA:100,0
DA:103,0
DA:104,0
DA:105,0
DA:106,0
DA:107,0
DA:108,0
DA:109,0
DA:110,0
LH:14
LF:32
end_of_record
SF:src/lightru_cell.jl
DA:3,2
DA:39,4
DA:43,2
DA:44,2
DA:45,6
DA:47,2
DA:50,2
DA:51,10
DA:52,2
DA:55,4
DA:56,4
DA:57,4
DA:60,8
DA:63,8
DA:64,8
DA:65,8
DA:66,4
DA:69,0
DA:102,0
DA:103,0
DA:104,0
DA:107,0
DA:108,0
DA:109,0
DA:112,0
DA:113,0
DA:114,0
DA:115,0
DA:116,0
DA:117,0
DA:118,0
DA:119,0
LH:17
LF:32
end_of_record
SF:src/ligru_cell.jl
DA:3,2
DA:41,4
DA:46,2
DA:47,2
DA:48,11
DA:50,2
DA:53,2
DA:54,10
DA:55,2
DA:58,4
DA:59,4
DA:60,4
DA:62,8
DA:63,8
DA:65,8
DA:66,8
DA:67,8
DA:68,4
DA:102,0
DA:103,0
DA:104,0
DA:107,0
DA:108,0
DA:109,0
DA:112,0
DA:113,0
DA:114,0
DA:115,0
DA:116,0
DA:117,0
DA:118,0
DA:119,0
DA:123,0
LH:18
LF:33
end_of_record
SF:src/mgu_cell.jl
DA:3,2
DA:39,4
DA:44,2
DA:45,2
DA:46,11
DA:48,2
DA:51,2
DA:52,10
DA:53,2
DA:56,4
DA:57,4
DA:58,4
DA:60,8
DA:61,4
DA:63,8
DA:64,8
DA:65,8
DA:66,4
DA:69,0
DA:101,0
DA:102,0
DA:103,0
DA:106,0
DA:107,0
DA:108,0
DA:111,0
DA:112,0
DA:113,0
DA:114,0
DA:115,0
DA:116,0
DA:117,0
DA:118,0
LH:18
LF:33
end_of_record
SF:src/mut_cell.jl
DA:3,2
DA:40,4
DA:45,2
DA:46,2
DA:47,16
DA:49,2
DA:52,2
DA:53,10
DA:54,2
DA:57,4
DA:58,4
DA:59,4
DA:61,8
DA:62,4
DA:64,8
DA:65,8
DA:66,8
DA:69,8
DA:70,4
DA:73,0
DA:105,0
DA:106,0
DA:107,0
DA:110,0
DA:111,0
DA:112,0
DA:115,0
DA:116,0
DA:117,0
DA:118,0
DA:119,0
DA:120,0
DA:121,0
DA:122,0
DA:128,2
DA:165,4
DA:170,2
DA:171,2
DA:172,16
DA:174,2
DA:177,2
DA:178,10
DA:179,2
DA:182,4
DA:183,4
DA:184,4
DA:186,8
DA:187,4
DA:189,8
DA:191,8
DA:192,8
DA:193,8
DA:194,4
DA:197,0
DA:230,0
DA:231,0
DA:232,0
DA:235,0
DA:236,0
DA:237,0
DA:240,0
DA:241,0
DA:242,0
DA:243,0
DA:244,0
DA:245,0
DA:246,0
DA:247,0
DA:252,2
DA:289,4
DA:294,2
DA:295,2
DA:296,16
DA:298,2
DA:301,2
DA:302,10
DA:303,2
DA:306,4
DA:307,4
DA:308,4
DA:310,8
DA:311,4
DA:313,8
DA:314,8
DA:315,8
DA:316,8
DA:317,4
DA:320,0
DA:352,0
DA:353,0
DA:354,0
DA:357,0
DA:358,0
DA:359,0
DA:362,0
DA:363,0
DA:364,0
DA:365,0
DA:366,0
DA:367,0
DA:368,0
DA:369,0
LH:57
LF:102
end_of_record
SF:src/nas_cell.jl
DA:27,2
DA:83,4
DA:87,2
DA:88,2
DA:89,41
DA:90,2
DA:93,2
DA:94,10
DA:95,10
DA:96,2
DA:99,4
DA:100,4
DA:101,4
DA:104,8
DA:105,8
DA:108,4
DA:109,4
DA:110,4
DA:111,4
DA:112,4
DA:113,4
DA:114,4
DA:115,4
DA:118,4
DA:119,4
DA:120,4
DA:121,4
DA:124,8
DA:127,4
DA:128,4
DA:130,4
DA:132,4
DA:135,0
DA:188,0
DA:189,0
DA:190,0
DA:193,0
DA:194,0
DA:195,0
DA:196,0
DA:199,0
DA:200,0
DA:201,0
DA:202,0
DA:203,0
DA:204,0
DA:205,0
DA:206,0
DA:207,0
DA:208,0
LH:32
LF:50
end_of_record
SF:src/peepholelstm_cell.jl
DA:3,2
DA:52,4
DA:58,2
DA:59,2
DA:60,21
DA:61,3
DA:62,2
DA:65,2
DA:66,10
DA:67,10
DA:68,2
DA:71,4
DA:73,4
DA:74,4
DA:75,8
DA:76,4
DA:77,8
DA:78,8
DA:79,4
DA:82,0
DA:118,0
DA:119,0
DA:120,0
DA:123,0
DA:124,0
DA:125,0
DA:126,0
DA:129,0
DA:130,0
DA:131,0
DA:132,0
DA:133,0
DA:134,0
DA:135,0
DA:136,0
DA:137,0
DA:138,0
LH:19
LF:37
end_of_record
SF:src/ran_cell.jl
DA:3,2
DA:69,4
DA:73,2
DA:74,2
DA:75,11
DA:76,2
DA:79,2
DA:80,10
DA:81,10
DA:82,2
DA:85,4
DA:86,4
DA:87,4
DA:90,8
DA:91,8
DA:94,8
DA:95,8
DA:96,8
DA:97,4
DA:98,4
DA:101,0
DA:140,0
DA:141,0
DA:142,0
DA:145,0
DA:146,0
DA:147,0
DA:148,0
DA:151,0
DA:152,0
DA:153,0
DA:154,0
DA:155,0
DA:156,0
DA:157,0
DA:158,0
DA:159,0
DA:160,0
LH:20
LF:38
end_of_record
SF:src/rhn_cell.jl
DA:5,6
DA:16,12
DA:19,6
DA:20,48
DA:21,6
DA:24,12
DA:25,72
DA:26,12
DA:29,12
DA:30,12
DA:31,12
DA:34,24
DA:37,12
DA:38,12
DA:41,0
DA:45,2
DA:84,6
DA:88,2
DA:89,2
DA:90,6
DA:91,2
DA:93,4
DA:95,6
DA:96,9
DA:97,10
DA:98,2
DA:102,6
DA:105,6
DA:106,2
DA:109,4
DA:111,4
DA:112,12
DA:113,4
DA:115,8
DA:118,12
DA:121,24
DA:122,24
DA:123,24
DA:126,12
DA:127,12
DA:129,0
DA:131,20
DA:133,4
DA:169,0
DA:170,0
DA:171,0
DA:174,0
DA:175,0
DA:176,0
DA:179,0
DA:180,0
DA:181,0
DA:182,0
DA:183,0
DA:184,0
DA:185,0
DA:186,0
LH:41
LF:57
end_of_record
SF:src/scrn_cell.jl
DA:3,2
DA:44,4
DA:50,2
DA:51,2
DA:52,2
DA:53,11
DA:54,2
DA:57,2
DA:58,10
DA:59,10
DA:60,2
DA:63,4
DA:64,4
DA:65,4
DA:68,8
DA:69,4
DA:70,8
DA:73,4
DA:74,4
DA:75,4
DA:76,4
DA:79,0
DA:116,0
DA:117,0
DA:118,0
DA:121,0
DA:122,0
DA:123,0
DA:126,0
DA:127,0
DA:128,0
DA:129,0
DA:130,0
DA:131,0
DA:132,0
DA:133,0
LH:21
LF:36
end_of_record
SF:src/sru_cell.jl
DA:11,0
DA:15,0
DA:16,0
DA:17,0
DA:18,0
DA:20,0
DA:23,0
DA:25,0
DA:26,0
DA:27,0
DA:28,0
DA:31,0
DA:32,0
DA:33,0
DA:36,0
DA:37,0
DA:38,0
DA:41,0
DA:42,0
DA:43,0
DA:44,0
DA:45,0
DA:48,0
LH:0
LF:23
end_of_record
